2024-07-28 13:28:44,092 - pyrogram.dispatcher - INFO - Started 8 HandlerTasks
2024-07-28 13:28:44,605 - httpx - INFO - HTTP Request: POST https://api.telegram.org/bot6617412135:AAFc7F-H7xoNbDMHTO8y-MrKWiurymgGwT8/getMe "HTTP/1.1 200 OK"
2024-07-28 13:28:44,774 - httpx - INFO - HTTP Request: POST https://api.telegram.org/bot6617412135:AAFc7F-H7xoNbDMHTO8y-MrKWiurymgGwT8/deleteWebhook "HTTP/1.1 200 OK"
2024-07-28 13:28:44,776 - telegram.ext.Application - INFO - Application started
2024-07-28 13:28:55,275 - httpx - INFO - HTTP Request: POST https://api.telegram.org/bot6617412135:AAFc7F-H7xoNbDMHTO8y-MrKWiurymgGwT8/getUpdates "HTTP/1.1 200 OK"
2024-07-28 13:29:05,443 - httpx - INFO - HTTP Request: POST https://api.telegram.org/bot6617412135:AAFc7F-H7xoNbDMHTO8y-MrKWiurymgGwT8/getUpdates "HTTP/1.1 200 OK"
2024-07-28 13:29:15,612 - httpx - INFO - HTTP Request: POST https://api.telegram.org/bot6617412135:AAFc7F-H7xoNbDMHTO8y-MrKWiurymgGwT8/getUpdates "HTTP/1.1 200 OK"
2024-07-28 13:29:25,781 - httpx - INFO - HTTP Request: POST https://api.telegram.org/bot6617412135:AAFc7F-H7xoNbDMHTO8y-MrKWiurymgGwT8/getUpdates "HTTP/1.1 200 OK"
2024-07-28 13:29:35,949 - httpx - INFO - HTTP Request: POST https://api.telegram.org/bot6617412135:AAFc7F-H7xoNbDMHTO8y-MrKWiurymgGwT8/getUpdates "HTTP/1.1 200 OK"
2024-07-28 13:29:46,117 - httpx - INFO - HTTP Request: POST https://api.telegram.org/bot6617412135:AAFc7F-H7xoNbDMHTO8y-MrKWiurymgGwT8/getUpdates "HTTP/1.1 200 OK"
2024-07-28 13:29:56,286 - httpx - INFO - HTTP Request: POST https://api.telegram.org/bot6617412135:AAFc7F-H7xoNbDMHTO8y-MrKWiurymgGwT8/getUpdates "HTTP/1.1 200 OK"
2024-07-28 13:30:06,459 - httpx - INFO - HTTP Request: POST https://api.telegram.org/bot6617412135:AAFc7F-H7xoNbDMHTO8y-MrKWiurymgGwT8/getUpdates "HTTP/1.1 200 OK"
2024-07-28 13:30:16,628 - httpx - INFO - HTTP Request: POST https://api.telegram.org/bot6617412135:AAFc7F-H7xoNbDMHTO8y-MrKWiurymgGwT8/getUpdates "HTTP/1.1 200 OK"
2024-07-28 13:30:26,796 - httpx - INFO - HTTP Request: POST https://api.telegram.org/bot6617412135:AAFc7F-H7xoNbDMHTO8y-MrKWiurymgGwT8/getUpdates "HTTP/1.1 200 OK"
2024-07-28 13:30:36,969 - httpx - INFO - HTTP Request: POST https://api.telegram.org/bot6617412135:AAFc7F-H7xoNbDMHTO8y-MrKWiurymgGwT8/getUpdates "HTTP/1.1 200 OK"
2024-07-28 13:30:47,136 - httpx - INFO - HTTP Request: POST https://api.telegram.org/bot6617412135:AAFc7F-H7xoNbDMHTO8y-MrKWiurymgGwT8/getUpdates "HTTP/1.1 200 OK"
    PID TTY          TIME CMD
 163853 pts/1    00:00:00 bash
 164250 pts/1    00:00:00 ps
2024-07-28 13:30:57,305 - httpx - INFO - HTTP Request: POST https://api.telegram.org/bot6617412135:AAFc7F-H7xoNbDMHTO8y-MrKWiurymgGwT8/getUpdates "HTTP/1.1 200 OK"
2024-07-28 13:31:07,473 - httpx - INFO - HTTP Request: POST https://api.telegram.org/bot6617412135:AAFc7F-H7xoNbDMHTO8y-MrKWiurymgGwT8/getUpdates "HTTP/1.1 200 OK"
2024-07-28 13:31:17,645 - httpx - INFO - HTTP Request: POST https://api.telegram.org/bot6617412135:AAFc7F-H7xoNbDMHTO8y-MrKWiurymgGwT8/getUpdates "HTTP/1.1 200 OK"
2024-07-28 13:31:27,813 - httpx - INFO - HTTP Request: POST https://api.telegram.org/bot6617412135:AAFc7F-H7xoNbDMHTO8y-MrKWiurymgGwT8/getUpdates "HTTP/1.1 200 OK"
